<?xml version="1.0" encoding="UTF-8"?>
<!-- Generated by org.testng.reporters.JUnitReportReporter -->
<testsuite hostname="LAPTOP-OUOUA5RD" failures="0" tests="4" name="sdet.TestNG2" time="27.574" errors="0" timestamp="2023-07-30T19:33:25 IST" skipped="0">
  <testcase classname="sdet.TestNG2" name="launch" time="4.167"/>
  <system-out/>
  <testcase classname="sdet.TestNG2" name="verify" time="10.127"/>
  <system-out/>
  <testcase classname="sdet.TestNG2" name="verifyPages" time="8.957"/>
  <system-out/>
  <testcase classname="sdet.TestNG2" name="verifyPage" time="4.323"/>
  <system-out/>
</testsuite> <!-- sdet.TestNG2 -->
