<?xml version="1.0" encoding="UTF-8"?>
<!-- Generated by org.testng.reporters.JUnitReportReporter -->
<testsuite hostname="LAPTOP-OUOUA5RD" failures="0" tests="4" name="sdet.TestNG1" time="11.193" errors="0" timestamp="2023-07-30T19:33:25 IST" skipped="0">
  <testcase classname="sdet.TestNG1" name="setup" time="3.511"/>
  <system-out/>
  <testcase classname="sdet.TestNG1" name="launchAppln" time="4.497"/>
  <system-out/>
  <testcase classname="sdet.TestNG1" name="logo" time="2.821"/>
  <system-out/>
  <testcase classname="sdet.TestNG1" name="tearDown" time="0.364"/>
  <system-out/>
</testsuite> <!-- sdet.TestNG1 -->
